<?xml version="1.0" encoding="UTF-8"?>
<!-- Generated by org.testng.reporters.JUnitReportReporter -->
<testsuite hostname="WKWIN9078125" name="qa.test.Simplevalidation" tests="5" failures="0" timestamp="22 Jul 2019 05:23:55 GMT" time="16.698" errors="0">
  <testcase name="validations3" time="7.531" classname="qa.test.Simplevalidation"/>
  <testcase name="validations" time="2.004" classname="qa.test.Simplevalidation"/>
  <testcase name="validations5" time="0.905" classname="qa.test.Simplevalidation"/>
  <testcase name="validations2" time="5.326" classname="qa.test.Simplevalidation"/>
  <testcase name="validations4" time="0.932" classname="qa.test.Simplevalidation"/>
</testsuite> <!-- qa.test.Simplevalidation -->
