<?xml version="1.0" encoding="UTF-8"?>
<!-- Generated by org.testng.reporters.JUnitReportReporter -->
<testsuite hostname="WKWIN9078125" name="qa.test.Getweather" tests="1" failures="0" timestamp="22 Jul 2019 11:43:22 GMT" time="2.259" errors="0">
  <testcase name="getweatherdetail" time="2.259" classname="qa.test.Getweather"/>
</testsuite> <!-- qa.test.Getweather -->
