<?xml version="1.0" encoding="UTF-8"?>
<!-- Generated by org.testng.reporters.JUnitReportReporter -->
<testsuite hostname="WKWIN9078125" name="qa.test.SerializationExample" tests="2" failures="0" timestamp="22 Jul 2019 16:48:20 GMT" time="0.175" errors="0">
  <testcase name="deserialize" time="0.020" classname="qa.test.SerializationExample"/>
  <testcase name="weatherserialize" time="0.155" classname="qa.test.SerializationExample"/>
</testsuite> <!-- qa.test.SerializationExample -->
